[INFO] [2018-09-04 16:09:14][org.springframework.context.support.ClassPathXmlApplicationContext]Refreshing org.springframework.context.support.ClassPathXmlApplicationContext@1175e2db: startup date [Tue Sep 04 16:09:14 CST 2018]; root of context hierarchy
  [INFO] [2018-09-04 16:09:14][org.springframework.beans.factory.xml.XmlBeanDefinitionReader]Loading XML bean definitions from class path resource [beans.xml]
  [INFO] [2018-09-04 16:10:47][org.springframework.context.support.ClassPathXmlApplicationContext]Refreshing org.springframework.context.support.ClassPathXmlApplicationContext@1175e2db: startup date [Tue Sep 04 16:10:47 CST 2018]; root of context hierarchy
  [INFO] [2018-09-04 16:10:47][org.springframework.beans.factory.xml.XmlBeanDefinitionReader]Loading XML bean definitions from class path resource [beans.xml]
  [INFO] [2018-09-04 16:11:42][org.springframework.context.support.ClassPathXmlApplicationContext]Refreshing org.springframework.context.support.ClassPathXmlApplicationContext@1175e2db: startup date [Tue Sep 04 16:11:42 CST 2018]; root of context hierarchy
  [INFO] [2018-09-04 16:11:43][org.springframework.beans.factory.xml.XmlBeanDefinitionReader]Loading XML bean definitions from class path resource [beans.xml]
  [INFO] [2018-09-04 16:13:32][org.springframework.context.support.ClassPathXmlApplicationContext]Refreshing org.springframework.context.support.ClassPathXmlApplicationContext@1175e2db: startup date [Tue Sep 04 16:13:32 CST 2018]; root of context hierarchy
  [INFO] [2018-09-04 16:13:32][org.springframework.beans.factory.xml.XmlBeanDefinitionReader]Loading XML bean definitions from class path resource [beans.xml]
  [INFO] [2018-09-04 16:13:32][org.springframework.context.support.ClassPathXmlApplicationContext]Closing org.springframework.context.support.ClassPathXmlApplicationContext@1175e2db: startup date [Tue Sep 04 16:13:32 CST 2018]; root of context hierarchy
  [INFO] [2018-09-04 16:14:42][org.springframework.context.support.ClassPathXmlApplicationContext]Refreshing org.springframework.context.support.ClassPathXmlApplicationContext@1175e2db: startup date [Tue Sep 04 16:14:42 CST 2018]; root of context hierarchy
  [INFO] [2018-09-04 16:14:42][org.springframework.beans.factory.xml.XmlBeanDefinitionReader]Loading XML bean definitions from class path resource [beans.xml]
  [INFO] [2018-09-04 16:14:42][org.springframework.context.support.ClassPathXmlApplicationContext]Closing org.springframework.context.support.ClassPathXmlApplicationContext@1175e2db: startup date [Tue Sep 04 16:14:42 CST 2018]; root of context hierarchy
  [INFO] [2018-09-04 16:19:22][org.springframework.context.support.ClassPathXmlApplicationContext]Refreshing org.springframework.context.support.ClassPathXmlApplicationContext@1175e2db: startup date [Tue Sep 04 16:19:22 CST 2018]; root of context hierarchy
  [INFO] [2018-09-04 16:19:22][org.springframework.beans.factory.xml.XmlBeanDefinitionReader]Loading XML bean definitions from class path resource [beans.xml]
  [INFO] [2018-09-04 16:19:22][org.springframework.context.support.ClassPathXmlApplicationContext]Closing org.springframework.context.support.ClassPathXmlApplicationContext@1175e2db: startup date [Tue Sep 04 16:19:22 CST 2018]; root of context hierarchy
  [INFO] [2018-09-04 16:20:25][org.springframework.context.support.ClassPathXmlApplicationContext]Refreshing org.springframework.context.support.ClassPathXmlApplicationContext@1175e2db: startup date [Tue Sep 04 16:20:25 CST 2018]; root of context hierarchy
  [INFO] [2018-09-04 16:20:25][org.springframework.beans.factory.xml.XmlBeanDefinitionReader]Loading XML bean definitions from class path resource [beans.xml]
  [INFO] [2018-09-04 16:20:26][org.springframework.context.support.ClassPathXmlApplicationContext]Closing org.springframework.context.support.ClassPathXmlApplicationContext@1175e2db: startup date [Tue Sep 04 16:20:25 CST 2018]; root of context hierarchy
  [INFO] [2018-09-04 16:20:36][org.springframework.context.support.ClassPathXmlApplicationContext]Refreshing org.springframework.context.support.ClassPathXmlApplicationContext@1175e2db: startup date [Tue Sep 04 16:20:36 CST 2018]; root of context hierarchy
  [INFO] [2018-09-04 16:20:36][org.springframework.beans.factory.xml.XmlBeanDefinitionReader]Loading XML bean definitions from class path resource [beans.xml]
  [INFO] [2018-09-04 16:20:36][org.springframework.context.support.ClassPathXmlApplicationContext]Closing org.springframework.context.support.ClassPathXmlApplicationContext@1175e2db: startup date [Tue Sep 04 16:20:36 CST 2018]; root of context hierarchy
  [INFO] [2018-09-04 16:22:49][org.springframework.context.support.ClassPathXmlApplicationContext]Refreshing org.springframework.context.support.ClassPathXmlApplicationContext@1175e2db: startup date [Tue Sep 04 16:22:49 CST 2018]; root of context hierarchy
  [INFO] [2018-09-04 16:22:49][org.springframework.beans.factory.xml.XmlBeanDefinitionReader]Loading XML bean definitions from class path resource [beans.xml]
  [INFO] [2018-09-04 16:22:49][org.springframework.context.support.ClassPathXmlApplicationContext]Closing org.springframework.context.support.ClassPathXmlApplicationContext@1175e2db: startup date [Tue Sep 04 16:22:49 CST 2018]; root of context hierarchy
  [INFO] [2018-09-04 16:47:48][org.springframework.context.support.ClassPathXmlApplicationContext]Refreshing org.springframework.context.support.ClassPathXmlApplicationContext@1175e2db: startup date [Tue Sep 04 16:47:48 CST 2018]; root of context hierarchy
  [INFO] [2018-09-04 16:47:49][org.springframework.beans.factory.xml.XmlBeanDefinitionReader]Loading XML bean definitions from class path resource [beans.xml]
  [INFO] [2018-09-04 16:47:49][org.springframework.context.support.ClassPathXmlApplicationContext]Closing org.springframework.context.support.ClassPathXmlApplicationContext@1175e2db: startup date [Tue Sep 04 16:47:48 CST 2018]; root of context hierarchy
  [INFO] [2018-09-04 16:48:12][org.springframework.context.support.ClassPathXmlApplicationContext]Refreshing org.springframework.context.support.ClassPathXmlApplicationContext@1175e2db: startup date [Tue Sep 04 16:48:12 CST 2018]; root of context hierarchy
  [INFO] [2018-09-04 16:48:12][org.springframework.beans.factory.xml.XmlBeanDefinitionReader]Loading XML bean definitions from class path resource [beans.xml]
  [INFO] [2018-09-04 16:48:13][org.springframework.context.support.ClassPathXmlApplicationContext]Closing org.springframework.context.support.ClassPathXmlApplicationContext@1175e2db: startup date [Tue Sep 04 16:48:12 CST 2018]; root of context hierarchy
  [INFO] [2018-09-04 18:20:30][org.springframework.context.support.ClassPathXmlApplicationContext]Refreshing org.springframework.context.support.ClassPathXmlApplicationContext@1175e2db: startup date [Tue Sep 04 18:20:30 CST 2018]; root of context hierarchy
  [INFO] [2018-09-04 18:20:30][org.springframework.beans.factory.xml.XmlBeanDefinitionReader]Loading XML bean definitions from class path resource [beans.xml]
  [INFO] [2018-09-04 18:20:31][org.springframework.context.support.ClassPathXmlApplicationContext]Closing org.springframework.context.support.ClassPathXmlApplicationContext@1175e2db: startup date [Tue Sep 04 18:20:30 CST 2018]; root of context hierarchy
  [INFO] [2018-09-04 18:20:44][org.springframework.context.support.ClassPathXmlApplicationContext]Refreshing org.springframework.context.support.ClassPathXmlApplicationContext@1175e2db: startup date [Tue Sep 04 18:20:44 CST 2018]; root of context hierarchy
  [INFO] [2018-09-04 18:20:44][org.springframework.beans.factory.xml.XmlBeanDefinitionReader]Loading XML bean definitions from class path resource [beans.xml]
  [INFO] [2018-09-04 18:20:44][org.springframework.context.support.ClassPathXmlApplicationContext]Closing org.springframework.context.support.ClassPathXmlApplicationContext@1175e2db: startup date [Tue Sep 04 18:20:44 CST 2018]; root of context hierarchy
  [INFO] [2018-09-04 18:27:43][org.springframework.context.support.ClassPathXmlApplicationContext]Refreshing org.springframework.context.support.ClassPathXmlApplicationContext@1175e2db: startup date [Tue Sep 04 18:27:43 CST 2018]; root of context hierarchy
  [INFO] [2018-09-04 18:27:43][org.springframework.beans.factory.xml.XmlBeanDefinitionReader]Loading XML bean definitions from class path resource [beans.xml]
  [INFO] [2018-09-04 18:27:43][org.springframework.context.support.ClassPathXmlApplicationContext]Closing org.springframework.context.support.ClassPathXmlApplicationContext@1175e2db: startup date [Tue Sep 04 18:27:43 CST 2018]; root of context hierarchy
  [INFO] [2018-09-04 18:31:24][org.springframework.context.support.ClassPathXmlApplicationContext]Refreshing org.springframework.context.support.ClassPathXmlApplicationContext@1175e2db: startup date [Tue Sep 04 18:31:24 CST 2018]; root of context hierarchy
  [INFO] [2018-09-04 18:31:24][org.springframework.beans.factory.xml.XmlBeanDefinitionReader]Loading XML bean definitions from class path resource [beans.xml]
  [INFO] [2018-09-04 18:31:24][org.springframework.context.support.ClassPathXmlApplicationContext]Closing org.springframework.context.support.ClassPathXmlApplicationContext@1175e2db: startup date [Tue Sep 04 18:31:24 CST 2018]; root of context hierarchy
  [INFO] [2018-09-04 19:40:26][org.springframework.context.support.ClassPathXmlApplicationContext]Refreshing org.springframework.context.support.ClassPathXmlApplicationContext@1175e2db: startup date [Tue Sep 04 19:40:26 CST 2018]; root of context hierarchy
  [INFO] [2018-09-04 19:40:26][org.springframework.beans.factory.xml.XmlBeanDefinitionReader]Loading XML bean definitions from class path resource [beans.xml]
  [INFO] [2018-09-04 19:40:51][org.springframework.context.support.ClassPathXmlApplicationContext]Refreshing org.springframework.context.support.ClassPathXmlApplicationContext@36aa7bc2: startup date [Tue Sep 04 19:40:51 CST 2018]; root of context hierarchy
  [INFO] [2018-09-04 19:40:51][org.springframework.beans.factory.xml.XmlBeanDefinitionReader]Loading XML bean definitions from class path resource [beans.xml]
  [INFO] [2018-09-04 19:40:51][org.springframework.context.support.ClassPathXmlApplicationContext]Closing org.springframework.context.support.ClassPathXmlApplicationContext@36aa7bc2: startup date [Tue Sep 04 19:40:51 CST 2018]; root of context hierarchy
  [INFO] [2018-09-04 19:44:55][org.springframework.context.support.ClassPathXmlApplicationContext]Refreshing org.springframework.context.support.ClassPathXmlApplicationContext@1175e2db: startup date [Tue Sep 04 19:44:55 CST 2018]; root of context hierarchy
  [INFO] [2018-09-04 19:44:55][org.springframework.beans.factory.xml.XmlBeanDefinitionReader]Loading XML bean definitions from class path resource [beans.xml]
  [INFO] [2018-09-04 19:44:55][org.springframework.context.support.ClassPathXmlApplicationContext]Closing org.springframework.context.support.ClassPathXmlApplicationContext@1175e2db: startup date [Tue Sep 04 19:44:55 CST 2018]; root of context hierarchy
  [INFO] [2018-09-04 19:45:27][org.springframework.context.support.ClassPathXmlApplicationContext]Refreshing org.springframework.context.support.ClassPathXmlApplicationContext@1175e2db: startup date [Tue Sep 04 19:45:27 CST 2018]; root of context hierarchy
  [INFO] [2018-09-04 19:45:27][org.springframework.beans.factory.xml.XmlBeanDefinitionReader]Loading XML bean definitions from class path resource [beans.xml]
  [INFO] [2018-09-04 19:45:28][org.springframework.context.support.ClassPathXmlApplicationContext]Closing org.springframework.context.support.ClassPathXmlApplicationContext@1175e2db: startup date [Tue Sep 04 19:45:27 CST 2018]; root of context hierarchy
  [INFO] [2018-09-04 19:46:21][org.springframework.context.support.ClassPathXmlApplicationContext]Refreshing org.springframework.context.support.ClassPathXmlApplicationContext@1175e2db: startup date [Tue Sep 04 19:46:21 CST 2018]; root of context hierarchy
  [INFO] [2018-09-04 19:46:21][org.springframework.beans.factory.xml.XmlBeanDefinitionReader]Loading XML bean definitions from class path resource [beans.xml]
  [INFO] [2018-09-04 19:46:21][org.springframework.context.support.ClassPathXmlApplicationContext]Closing org.springframework.context.support.ClassPathXmlApplicationContext@1175e2db: startup date [Tue Sep 04 19:46:21 CST 2018]; root of context hierarchy
  [INFO] [2018-09-04 19:46:54][org.springframework.context.support.ClassPathXmlApplicationContext]Refreshing org.springframework.context.support.ClassPathXmlApplicationContext@1175e2db: startup date [Tue Sep 04 19:46:54 CST 2018]; root of context hierarchy
  [INFO] [2018-09-04 19:46:54][org.springframework.beans.factory.xml.XmlBeanDefinitionReader]Loading XML bean definitions from class path resource [beans.xml]
  [INFO] [2018-09-04 19:46:54][org.springframework.context.support.ClassPathXmlApplicationContext]Closing org.springframework.context.support.ClassPathXmlApplicationContext@1175e2db: startup date [Tue Sep 04 19:46:54 CST 2018]; root of context hierarchy
  [INFO] [2018-09-04 19:47:26][org.springframework.context.support.ClassPathXmlApplicationContext]Refreshing org.springframework.context.support.ClassPathXmlApplicationContext@1175e2db: startup date [Tue Sep 04 19:47:26 CST 2018]; root of context hierarchy
  [INFO] [2018-09-04 19:47:26][org.springframework.beans.factory.xml.XmlBeanDefinitionReader]Loading XML bean definitions from class path resource [beans.xml]
  [INFO] [2018-09-04 19:47:26][org.springframework.context.support.ClassPathXmlApplicationContext]Closing org.springframework.context.support.ClassPathXmlApplicationContext@1175e2db: startup date [Tue Sep 04 19:47:26 CST 2018]; root of context hierarchy
  [INFO] [2018-09-04 19:48:39][org.springframework.context.support.ClassPathXmlApplicationContext]Refreshing org.springframework.context.support.ClassPathXmlApplicationContext@1175e2db: startup date [Tue Sep 04 19:48:39 CST 2018]; root of context hierarchy
  [INFO] [2018-09-04 19:48:39][org.springframework.beans.factory.xml.XmlBeanDefinitionReader]Loading XML bean definitions from class path resource [beans.xml]
  [INFO] [2018-09-04 19:48:39][org.springframework.context.support.ClassPathXmlApplicationContext]Closing org.springframework.context.support.ClassPathXmlApplicationContext@1175e2db: startup date [Tue Sep 04 19:48:39 CST 2018]; root of context hierarchy
  [INFO] [2018-09-04 19:50:09][org.springframework.context.support.ClassPathXmlApplicationContext]Refreshing org.springframework.context.support.ClassPathXmlApplicationContext@1175e2db: startup date [Tue Sep 04 19:50:09 CST 2018]; root of context hierarchy
  [INFO] [2018-09-04 19:50:09][org.springframework.beans.factory.xml.XmlBeanDefinitionReader]Loading XML bean definitions from class path resource [beans.xml]
  [INFO] [2018-09-04 19:50:09][org.springframework.context.support.ClassPathXmlApplicationContext]Closing org.springframework.context.support.ClassPathXmlApplicationContext@1175e2db: startup date [Tue Sep 04 19:50:09 CST 2018]; root of context hierarchy
  [INFO] [2018-09-04 19:50:52][org.springframework.context.support.ClassPathXmlApplicationContext]Refreshing org.springframework.context.support.ClassPathXmlApplicationContext@1175e2db: startup date [Tue Sep 04 19:50:52 CST 2018]; root of context hierarchy
  [INFO] [2018-09-04 19:50:52][org.springframework.beans.factory.xml.XmlBeanDefinitionReader]Loading XML bean definitions from class path resource [beans.xml]
  [INFO] [2018-09-04 19:50:53][org.springframework.context.support.ClassPathXmlApplicationContext]Closing org.springframework.context.support.ClassPathXmlApplicationContext@1175e2db: startup date [Tue Sep 04 19:50:52 CST 2018]; root of context hierarchy
  [INFO] [2018-09-04 19:51:11][org.springframework.context.support.ClassPathXmlApplicationContext]Refreshing org.springframework.context.support.ClassPathXmlApplicationContext@1175e2db: startup date [Tue Sep 04 19:51:11 CST 2018]; root of context hierarchy
  [INFO] [2018-09-04 19:51:11][org.springframework.beans.factory.xml.XmlBeanDefinitionReader]Loading XML bean definitions from class path resource [beans.xml]
  [INFO] [2018-09-04 19:51:11][org.springframework.context.support.ClassPathXmlApplicationContext]Closing org.springframework.context.support.ClassPathXmlApplicationContext@1175e2db: startup date [Tue Sep 04 19:51:11 CST 2018]; root of context hierarchy
  [INFO] [2018-09-04 19:51:48][org.springframework.context.support.ClassPathXmlApplicationContext]Refreshing org.springframework.context.support.ClassPathXmlApplicationContext@1175e2db: startup date [Tue Sep 04 19:51:48 CST 2018]; root of context hierarchy
  [INFO] [2018-09-04 19:51:48][org.springframework.beans.factory.xml.XmlBeanDefinitionReader]Loading XML bean definitions from class path resource [beans.xml]
  [INFO] [2018-09-04 19:51:48][org.springframework.context.support.ClassPathXmlApplicationContext]Closing org.springframework.context.support.ClassPathXmlApplicationContext@1175e2db: startup date [Tue Sep 04 19:51:48 CST 2018]; root of context hierarchy
  [INFO] [2018-09-04 19:55:51][org.springframework.context.support.ClassPathXmlApplicationContext]Refreshing org.springframework.context.support.ClassPathXmlApplicationContext@1175e2db: startup date [Tue Sep 04 19:55:51 CST 2018]; root of context hierarchy
  [INFO] [2018-09-04 19:55:51][org.springframework.beans.factory.xml.XmlBeanDefinitionReader]Loading XML bean definitions from class path resource [beans.xml]
  [INFO] [2018-09-04 19:55:51][org.springframework.context.support.ClassPathXmlApplicationContext]Closing org.springframework.context.support.ClassPathXmlApplicationContext@1175e2db: startup date [Tue Sep 04 19:55:51 CST 2018]; root of context hierarchy
  [INFO] [2018-09-04 19:56:11][org.springframework.context.support.ClassPathXmlApplicationContext]Refreshing org.springframework.context.support.ClassPathXmlApplicationContext@1175e2db: startup date [Tue Sep 04 19:56:11 CST 2018]; root of context hierarchy
  [INFO] [2018-09-04 19:56:11][org.springframework.beans.factory.xml.XmlBeanDefinitionReader]Loading XML bean definitions from class path resource [beans.xml]
  [INFO] [2018-09-04 19:56:11][org.springframework.context.support.ClassPathXmlApplicationContext]Closing org.springframework.context.support.ClassPathXmlApplicationContext@1175e2db: startup date [Tue Sep 04 19:56:11 CST 2018]; root of context hierarchy
  [INFO] [2018-09-04 19:56:34][org.springframework.context.support.ClassPathXmlApplicationContext]Refreshing org.springframework.context.support.ClassPathXmlApplicationContext@1175e2db: startup date [Tue Sep 04 19:56:34 CST 2018]; root of context hierarchy
  [INFO] [2018-09-04 19:56:34][org.springframework.beans.factory.xml.XmlBeanDefinitionReader]Loading XML bean definitions from class path resource [beans.xml]
  [INFO] [2018-09-04 19:56:35][org.springframework.context.support.ClassPathXmlApplicationContext]Closing org.springframework.context.support.ClassPathXmlApplicationContext@1175e2db: startup date [Tue Sep 04 19:56:34 CST 2018]; root of context hierarchy
  [INFO] [2018-09-04 20:13:53][org.springframework.context.support.ClassPathXmlApplicationContext]Refreshing org.springframework.context.support.ClassPathXmlApplicationContext@1175e2db: startup date [Tue Sep 04 20:13:53 CST 2018]; root of context hierarchy
  [INFO] [2018-09-04 20:13:53][org.springframework.beans.factory.xml.XmlBeanDefinitionReader]Loading XML bean definitions from class path resource [beans.xml]
  [INFO] [2018-09-04 20:13:54][org.springframework.context.support.ClassPathXmlApplicationContext]Refreshing org.springframework.context.support.ClassPathXmlApplicationContext@1877ab81: startup date [Tue Sep 04 20:13:54 CST 2018]; root of context hierarchy
  [INFO] [2018-09-04 20:13:54][org.springframework.beans.factory.xml.XmlBeanDefinitionReader]Loading XML bean definitions from class path resource [beans.xml]
  [INFO] [2018-09-04 20:13:54][org.springframework.context.support.ClassPathXmlApplicationContext]Closing org.springframework.context.support.ClassPathXmlApplicationContext@1175e2db: startup date [Tue Sep 04 20:13:53 CST 2018]; root of context hierarchy
  [INFO] [2018-09-04 20:14:14][org.springframework.context.support.ClassPathXmlApplicationContext]Refreshing org.springframework.context.support.ClassPathXmlApplicationContext@1175e2db: startup date [Tue Sep 04 20:14:14 CST 2018]; root of context hierarchy
  [INFO] [2018-09-04 20:14:14][org.springframework.beans.factory.xml.XmlBeanDefinitionReader]Loading XML bean definitions from class path resource [beans.xml]
  [INFO] [2018-09-04 20:14:14][org.springframework.context.support.ClassPathXmlApplicationContext]Refreshing org.springframework.context.support.ClassPathXmlApplicationContext@1877ab81: startup date [Tue Sep 04 20:14:14 CST 2018]; root of context hierarchy
  [INFO] [2018-09-04 20:14:14][org.springframework.beans.factory.xml.XmlBeanDefinitionReader]Loading XML bean definitions from class path resource [beans.xml]
  [INFO] [2018-09-04 20:14:14][org.springframework.context.support.ClassPathXmlApplicationContext]Closing org.springframework.context.support.ClassPathXmlApplicationContext@1175e2db: startup date [Tue Sep 04 20:14:14 CST 2018]; root of context hierarchy
  [INFO] [2018-09-05 09:38:54][org.springframework.context.support.ClassPathXmlApplicationContext]Refreshing org.springframework.context.support.ClassPathXmlApplicationContext@1175e2db: startup date [Wed Sep 05 09:38:54 CST 2018]; root of context hierarchy
  [INFO] [2018-09-05 09:38:54][org.springframework.beans.factory.xml.XmlBeanDefinitionReader]Loading XML bean definitions from class path resource [beans.xml]
  [INFO] [2018-09-05 09:38:55][org.springframework.context.support.ClassPathXmlApplicationContext]Refreshing org.springframework.context.support.ClassPathXmlApplicationContext@1877ab81: startup date [Wed Sep 05 09:38:55 CST 2018]; root of context hierarchy
  [INFO] [2018-09-05 09:38:55][org.springframework.beans.factory.xml.XmlBeanDefinitionReader]Loading XML bean definitions from class path resource [beans.xml]
  [INFO] [2018-09-05 09:38:55][org.springframework.context.support.ClassPathXmlApplicationContext]Closing org.springframework.context.support.ClassPathXmlApplicationContext@1175e2db: startup date [Wed Sep 05 09:38:54 CST 2018]; root of context hierarchy
  [INFO] [2018-09-05 09:46:10][org.springframework.context.support.ClassPathXmlApplicationContext]Refreshing org.springframework.context.support.ClassPathXmlApplicationContext@1175e2db: startup date [Wed Sep 05 09:46:10 CST 2018]; root of context hierarchy
  [INFO] [2018-09-05 09:46:10][org.springframework.beans.factory.xml.XmlBeanDefinitionReader]Loading XML bean definitions from class path resource [beans.xml]
  [INFO] [2018-09-05 09:46:10][org.springframework.context.support.ClassPathXmlApplicationContext]Refreshing org.springframework.context.support.ClassPathXmlApplicationContext@2781e022: startup date [Wed Sep 05 09:46:10 CST 2018]; root of context hierarchy
  [INFO] [2018-09-05 09:46:10][org.springframework.beans.factory.xml.XmlBeanDefinitionReader]Loading XML bean definitions from class path resource [beans.xml]
  [INFO] [2018-09-05 09:46:10][org.springframework.context.support.ClassPathXmlApplicationContext]Closing org.springframework.context.support.ClassPathXmlApplicationContext@1175e2db: startup date [Wed Sep 05 09:46:10 CST 2018]; root of context hierarchy
  [INFO] [2018-09-05 09:46:40][org.springframework.context.support.ClassPathXmlApplicationContext]Refreshing org.springframework.context.support.ClassPathXmlApplicationContext@1175e2db: startup date [Wed Sep 05 09:46:40 CST 2018]; root of context hierarchy
  [INFO] [2018-09-05 09:46:40][org.springframework.beans.factory.xml.XmlBeanDefinitionReader]Loading XML bean definitions from class path resource [beans.xml]
  [INFO] [2018-09-05 09:46:41][org.springframework.context.support.ClassPathXmlApplicationContext]Closing org.springframework.context.support.ClassPathXmlApplicationContext@1175e2db: startup date [Wed Sep 05 09:46:40 CST 2018]; root of context hierarchy
  [INFO] [2018-09-05 09:53:03][org.springframework.context.support.ClassPathXmlApplicationContext]Refreshing org.springframework.context.support.ClassPathXmlApplicationContext@1dfe2924: startup date [Wed Sep 05 09:53:03 CST 2018]; root of context hierarchy
  [INFO] [2018-09-05 09:53:03][org.springframework.beans.factory.xml.XmlBeanDefinitionReader]Loading XML bean definitions from class path resource [beans.xml]
  [INFO] [2018-09-05 09:58:51][org.springframework.context.support.ClassPathXmlApplicationContext]Closing org.springframework.context.support.ClassPathXmlApplicationContext@1dfe2924: startup date [Wed Sep 05 09:53:03 CST 2018]; root of context hierarchy
  [INFO] [2018-09-05 10:01:24][org.springframework.context.support.ClassPathXmlApplicationContext]Refreshing org.springframework.context.support.ClassPathXmlApplicationContext@1175e2db: startup date [Wed Sep 05 10:01:24 CST 2018]; root of context hierarchy
  [INFO] [2018-09-05 10:01:24][org.springframework.beans.factory.xml.XmlBeanDefinitionReader]Loading XML bean definitions from class path resource [beans.xml]
  [WARN] [2018-09-05 10:01:24][org.springframework.context.support.ClassPathXmlApplicationContext]Exception encountered during context initialization - cancelling refresh attempt: org.springframework.beans.factory.CannotLoadBeanClassException: Cannot find class [com.pier.TestBeanInit2] for bean with name 'testInit2' defined in class path resource [beans.xml]; nested exception is java.lang.ClassNotFoundException: com.pier.TestBeanInit2
  [INFO] [2018-09-05 10:01:54][org.springframework.context.support.ClassPathXmlApplicationContext]Refreshing org.springframework.context.support.ClassPathXmlApplicationContext@1175e2db: startup date [Wed Sep 05 10:01:54 CST 2018]; root of context hierarchy
  [INFO] [2018-09-05 10:01:54][org.springframework.beans.factory.xml.XmlBeanDefinitionReader]Loading XML bean definitions from class path resource [beans.xml]
  [INFO] [2018-09-05 10:01:54][org.springframework.context.support.ClassPathXmlApplicationContext]Closing org.springframework.context.support.ClassPathXmlApplicationContext@1175e2db: startup date [Wed Sep 05 10:01:54 CST 2018]; root of context hierarchy
  [INFO] [2018-09-05 10:20:06][org.springframework.context.support.ClassPathXmlApplicationContext]Refreshing org.springframework.context.support.ClassPathXmlApplicationContext@1175e2db: startup date [Wed Sep 05 10:20:06 CST 2018]; root of context hierarchy
  [INFO] [2018-09-05 10:20:06][org.springframework.beans.factory.xml.XmlBeanDefinitionReader]Loading XML bean definitions from class path resource [beans.xml]
  [WARN] [2018-09-05 10:20:06][org.springframework.context.support.ClassPathXmlApplicationContext]Exception encountered during context initialization - cancelling refresh attempt: org.springframework.beans.factory.BeanCreationException: Error creating bean with name 'testInit2' defined in class path resource [beans.xml]: Error setting property values; nested exception is org.springframework.beans.NotWritablePropertyException: Invalid property 'name' of bean class [com.pier.BeanInit2]: Bean property 'name' is not writable or has an invalid setter method. Does the parameter type of the setter match the return type of the getter?
  [INFO] [2018-09-05 10:35:50][org.springframework.context.support.ClassPathXmlApplicationContext]Refreshing org.springframework.context.support.ClassPathXmlApplicationContext@1175e2db: startup date [Wed Sep 05 10:35:50 CST 2018]; root of context hierarchy
  [INFO] [2018-09-05 10:35:50][org.springframework.beans.factory.xml.XmlBeanDefinitionReader]Loading XML bean definitions from class path resource [beans.xml]
  [WARN] [2018-09-05 10:35:50][org.springframework.context.support.ClassPathXmlApplicationContext]Exception encountered during context initialization - cancelling refresh attempt: org.springframework.beans.factory.BeanCreationException: Error creating bean with name 'testInit2' defined in class path resource [beans.xml]: Error setting property values; nested exception is org.springframework.beans.NotWritablePropertyException: Invalid property 'name' of bean class [com.pier.BeanInit2]: Bean property 'name' is not writable or has an invalid setter method. Does the parameter type of the setter match the return type of the getter?
  [INFO] [2018-09-05 10:52:39][org.springframework.context.support.ClassPathXmlApplicationContext]Refreshing org.springframework.context.support.ClassPathXmlApplicationContext@1175e2db: startup date [Wed Sep 05 10:52:39 CST 2018]; root of context hierarchy
  [INFO] [2018-09-05 10:52:40][org.springframework.beans.factory.xml.XmlBeanDefinitionReader]Loading XML bean definitions from class path resource [beans.xml]
  [WARN] [2018-09-05 10:52:40][org.springframework.context.support.ClassPathXmlApplicationContext]Exception encountered during context initialization - cancelling refresh attempt: org.springframework.beans.factory.BeanCreationException: Error creating bean with name 'testInit2' defined in class path resource [beans.xml]: Error setting property values; nested exception is org.springframework.beans.NotWritablePropertyException: Invalid property 'name' of bean class [com.pier.BeanInit2]: Bean property 'name' is not writable or has an invalid setter method. Does the parameter type of the setter match the return type of the getter?
  [INFO] [2018-09-05 10:53:41][org.springframework.context.support.ClassPathXmlApplicationContext]Refreshing org.springframework.context.support.ClassPathXmlApplicationContext@1175e2db: startup date [Wed Sep 05 10:53:41 CST 2018]; root of context hierarchy
  [INFO] [2018-09-05 10:53:42][org.springframework.beans.factory.xml.XmlBeanDefinitionReader]Loading XML bean definitions from class path resource [beans.xml]
  [INFO] [2018-09-05 10:53:42][org.springframework.context.support.ClassPathXmlApplicationContext]Closing org.springframework.context.support.ClassPathXmlApplicationContext@1175e2db: startup date [Wed Sep 05 10:53:41 CST 2018]; root of context hierarchy
  [INFO] [2018-09-05 11:07:12][org.springframework.context.support.ClassPathXmlApplicationContext]Refreshing org.springframework.context.support.ClassPathXmlApplicationContext@1175e2db: startup date [Wed Sep 05 11:07:12 CST 2018]; root of context hierarchy
  [INFO] [2018-09-05 11:07:12][org.springframework.beans.factory.xml.XmlBeanDefinitionReader]Loading XML bean definitions from class path resource [beans.xml]
  [INFO] [2018-09-05 11:07:13][org.springframework.context.support.ClassPathXmlApplicationContext]Closing org.springframework.context.support.ClassPathXmlApplicationContext@1175e2db: startup date [Wed Sep 05 11:07:12 CST 2018]; root of context hierarchy
  [INFO] [2018-09-05 11:07:59][org.springframework.context.support.ClassPathXmlApplicationContext]Refreshing org.springframework.context.support.ClassPathXmlApplicationContext@1175e2db: startup date [Wed Sep 05 11:07:59 CST 2018]; root of context hierarchy
  [INFO] [2018-09-05 11:07:59][org.springframework.beans.factory.xml.XmlBeanDefinitionReader]Loading XML bean definitions from class path resource [beans.xml]
  [INFO] [2018-09-05 11:07:59][org.springframework.context.support.ClassPathXmlApplicationContext]Closing org.springframework.context.support.ClassPathXmlApplicationContext@1175e2db: startup date [Wed Sep 05 11:07:59 CST 2018]; root of context hierarchy
  [INFO] [2018-09-05 11:08:26][org.springframework.context.support.ClassPathXmlApplicationContext]Refreshing org.springframework.context.support.ClassPathXmlApplicationContext@1175e2db: startup date [Wed Sep 05 11:08:26 CST 2018]; root of context hierarchy
  [INFO] [2018-09-05 11:08:26][org.springframework.beans.factory.xml.XmlBeanDefinitionReader]Loading XML bean definitions from class path resource [beans.xml]
  [INFO] [2018-09-05 11:08:27][org.springframework.context.support.ClassPathXmlApplicationContext]Closing org.springframework.context.support.ClassPathXmlApplicationContext@1175e2db: startup date [Wed Sep 05 11:08:26 CST 2018]; root of context hierarchy
  [INFO] [2018-09-05 11:34:07][org.springframework.context.support.ClassPathXmlApplicationContext]Refreshing org.springframework.context.support.ClassPathXmlApplicationContext@1175e2db: startup date [Wed Sep 05 11:34:07 CST 2018]; root of context hierarchy
  [INFO] [2018-09-05 11:34:07][org.springframework.beans.factory.xml.XmlBeanDefinitionReader]Loading XML bean definitions from class path resource [beans.xml]
  [INFO] [2018-09-05 11:34:07][org.springframework.context.support.ClassPathXmlApplicationContext]Closing org.springframework.context.support.ClassPathXmlApplicationContext@1175e2db: startup date [Wed Sep 05 11:34:07 CST 2018]; root of context hierarchy
  [INFO] [2018-09-05 11:35:24][org.springframework.context.support.ClassPathXmlApplicationContext]Refreshing org.springframework.context.support.ClassPathXmlApplicationContext@1175e2db: startup date [Wed Sep 05 11:35:24 CST 2018]; root of context hierarchy
  [INFO] [2018-09-05 11:35:24][org.springframework.beans.factory.xml.XmlBeanDefinitionReader]Loading XML bean definitions from class path resource [beans.xml]
  [INFO] [2018-09-05 11:35:25][org.springframework.context.support.ClassPathXmlApplicationContext]Closing org.springframework.context.support.ClassPathXmlApplicationContext@1175e2db: startup date [Wed Sep 05 11:35:24 CST 2018]; root of context hierarchy
  [INFO] [2018-09-05 11:38:01][org.springframework.context.support.ClassPathXmlApplicationContext]Refreshing org.springframework.context.support.ClassPathXmlApplicationContext@1175e2db: startup date [Wed Sep 05 11:38:01 CST 2018]; root of context hierarchy
  [INFO] [2018-09-05 11:38:01][org.springframework.beans.factory.xml.XmlBeanDefinitionReader]Loading XML bean definitions from class path resource [beans.xml]
  [INFO] [2018-09-05 11:41:29][org.springframework.context.support.ClassPathXmlApplicationContext]Refreshing org.springframework.context.support.ClassPathXmlApplicationContext@1175e2db: startup date [Wed Sep 05 11:41:29 CST 2018]; root of context hierarchy
  [INFO] [2018-09-05 11:41:29][org.springframework.beans.factory.xml.XmlBeanDefinitionReader]Loading XML bean definitions from class path resource [beans.xml]
  [INFO] [2018-09-05 11:41:42][org.springframework.context.support.ClassPathXmlApplicationContext]Refreshing org.springframework.context.support.ClassPathXmlApplicationContext@1175e2db: startup date [Wed Sep 05 11:41:42 CST 2018]; root of context hierarchy
  [INFO] [2018-09-05 11:41:42][org.springframework.beans.factory.xml.XmlBeanDefinitionReader]Loading XML bean definitions from class path resource [beans.xml]
  [INFO] [2018-09-05 11:41:42][org.springframework.context.support.ClassPathXmlApplicationContext]Closing org.springframework.context.support.ClassPathXmlApplicationContext@1175e2db: startup date [Wed Sep 05 11:41:42 CST 2018]; root of context hierarchy
  [INFO] [2018-09-05 11:45:10][org.springframework.context.support.ClassPathXmlApplicationContext]Refreshing org.springframework.context.support.ClassPathXmlApplicationContext@1175e2db: startup date [Wed Sep 05 11:45:10 CST 2018]; root of context hierarchy
  [INFO] [2018-09-05 11:45:10][org.springframework.beans.factory.xml.XmlBeanDefinitionReader]Loading XML bean definitions from class path resource [beans.xml]
  [INFO] [2018-09-05 11:45:11][org.springframework.context.support.ClassPathXmlApplicationContext]Closing org.springframework.context.support.ClassPathXmlApplicationContext@1175e2db: startup date [Wed Sep 05 11:45:10 CST 2018]; root of context hierarchy
  [INFO] [2018-09-05 11:45:44][org.springframework.context.support.ClassPathXmlApplicationContext]Refreshing org.springframework.context.support.ClassPathXmlApplicationContext@1175e2db: startup date [Wed Sep 05 11:45:44 CST 2018]; root of context hierarchy
  [INFO] [2018-09-05 11:45:44][org.springframework.beans.factory.xml.XmlBeanDefinitionReader]Loading XML bean definitions from class path resource [beans.xml]
  [INFO] [2018-09-05 11:45:44][org.springframework.context.support.ClassPathXmlApplicationContext]Closing org.springframework.context.support.ClassPathXmlApplicationContext@1175e2db: startup date [Wed Sep 05 11:45:44 CST 2018]; root of context hierarchy
  [INFO] [2018-09-05 11:54:54][org.springframework.context.support.ClassPathXmlApplicationContext]Refreshing org.springframework.context.support.ClassPathXmlApplicationContext@1175e2db: startup date [Wed Sep 05 11:54:54 CST 2018]; root of context hierarchy
  [INFO] [2018-09-05 11:54:54][org.springframework.beans.factory.xml.XmlBeanDefinitionReader]Loading XML bean definitions from class path resource [beans.xml]
  [INFO] [2018-09-05 11:54:55][org.springframework.context.support.ClassPathXmlApplicationContext]Closing org.springframework.context.support.ClassPathXmlApplicationContext@1175e2db: startup date [Wed Sep 05 11:54:54 CST 2018]; root of context hierarchy
  [INFO] [2018-09-05 11:56:08][org.springframework.context.support.ClassPathXmlApplicationContext]Refreshing org.springframework.context.support.ClassPathXmlApplicationContext@1175e2db: startup date [Wed Sep 05 11:56:08 CST 2018]; root of context hierarchy
  [INFO] [2018-09-05 11:56:08][org.springframework.beans.factory.xml.XmlBeanDefinitionReader]Loading XML bean definitions from class path resource [beans.xml]
  [INFO] [2018-09-05 11:56:08][org.springframework.context.support.ClassPathXmlApplicationContext]Closing org.springframework.context.support.ClassPathXmlApplicationContext@1175e2db: startup date [Wed Sep 05 11:56:08 CST 2018]; root of context hierarchy
  [INFO] [2018-09-05 11:58:48][org.springframework.context.support.ClassPathXmlApplicationContext]Refreshing org.springframework.context.support.ClassPathXmlApplicationContext@1175e2db: startup date [Wed Sep 05 11:58:48 CST 2018]; root of context hierarchy
  [INFO] [2018-09-05 11:58:48][org.springframework.beans.factory.xml.XmlBeanDefinitionReader]Loading XML bean definitions from class path resource [beans.xml]
  [INFO] [2018-09-05 11:58:49][org.springframework.context.support.ClassPathXmlApplicationContext]Closing org.springframework.context.support.ClassPathXmlApplicationContext@1175e2db: startup date [Wed Sep 05 11:58:48 CST 2018]; root of context hierarchy
  [INFO] [2018-09-05 11:59:05][org.springframework.context.support.ClassPathXmlApplicationContext]Refreshing org.springframework.context.support.ClassPathXmlApplicationContext@1175e2db: startup date [Wed Sep 05 11:59:05 CST 2018]; root of context hierarchy
  [INFO] [2018-09-05 11:59:05][org.springframework.beans.factory.xml.XmlBeanDefinitionReader]Loading XML bean definitions from class path resource [beans.xml]
  [INFO] [2018-09-05 11:59:05][org.springframework.context.support.ClassPathXmlApplicationContext]Closing org.springframework.context.support.ClassPathXmlApplicationContext@1175e2db: startup date [Wed Sep 05 11:59:05 CST 2018]; root of context hierarchy
  [INFO] [2018-09-05 12:00:02][org.springframework.context.support.ClassPathXmlApplicationContext]Refreshing org.springframework.context.support.ClassPathXmlApplicationContext@1175e2db: startup date [Wed Sep 05 12:00:02 CST 2018]; root of context hierarchy
  [INFO] [2018-09-05 12:00:02][org.springframework.beans.factory.xml.XmlBeanDefinitionReader]Loading XML bean definitions from class path resource [beans.xml]
  [INFO] [2018-09-05 12:00:02][org.springframework.context.support.ClassPathXmlApplicationContext]Closing org.springframework.context.support.ClassPathXmlApplicationContext@1175e2db: startup date [Wed Sep 05 12:00:02 CST 2018]; root of context hierarchy
  [INFO] [2018-09-05 12:01:36][org.springframework.context.support.ClassPathXmlApplicationContext]Refreshing org.springframework.context.support.ClassPathXmlApplicationContext@1175e2db: startup date [Wed Sep 05 12:01:36 CST 2018]; root of context hierarchy
  [INFO] [2018-09-05 12:01:36][org.springframework.beans.factory.xml.XmlBeanDefinitionReader]Loading XML bean definitions from class path resource [beans.xml]
  [INFO] [2018-09-05 12:01:36][org.springframework.context.support.ClassPathXmlApplicationContext]Closing org.springframework.context.support.ClassPathXmlApplicationContext@1175e2db: startup date [Wed Sep 05 12:01:36 CST 2018]; root of context hierarchy
  [INFO] [2018-09-05 15:09:45][org.springframework.context.support.ClassPathXmlApplicationContext]Refreshing org.springframework.context.support.ClassPathXmlApplicationContext@1175e2db: startup date [Wed Sep 05 15:09:45 CST 2018]; root of context hierarchy
  [INFO] [2018-09-05 15:09:45][org.springframework.beans.factory.xml.XmlBeanDefinitionReader]Loading XML bean definitions from class path resource [beans.xml]
  [INFO] [2018-09-05 15:09:45][org.springframework.context.support.ClassPathXmlApplicationContext]Closing org.springframework.context.support.ClassPathXmlApplicationContext@1175e2db: startup date [Wed Sep 05 15:09:45 CST 2018]; root of context hierarchy
  [INFO] [2018-09-05 17:58:39][org.springframework.context.support.ClassPathXmlApplicationContext]Refreshing org.springframework.context.support.ClassPathXmlApplicationContext@1175e2db: startup date [Wed Sep 05 17:58:39 CST 2018]; root of context hierarchy
  [INFO] [2018-09-05 17:58:40][org.springframework.beans.factory.xml.XmlBeanDefinitionReader]Loading XML bean definitions from class path resource [beans.xml]
  [INFO] [2018-09-05 17:58:40][org.springframework.context.support.ClassPathXmlApplicationContext]Closing org.springframework.context.support.ClassPathXmlApplicationContext@1175e2db: startup date [Wed Sep 05 17:58:39 CST 2018]; root of context hierarchy
  [INFO] [2018-09-05 18:01:04][org.springframework.context.support.ClassPathXmlApplicationContext]Refreshing org.springframework.context.support.ClassPathXmlApplicationContext@1175e2db: startup date [Wed Sep 05 18:01:04 CST 2018]; root of context hierarchy
  [INFO] [2018-09-05 18:01:04][org.springframework.beans.factory.xml.XmlBeanDefinitionReader]Loading XML bean definitions from class path resource [beans.xml]
  [INFO] [2018-09-05 18:01:04][org.springframework.context.support.ClassPathXmlApplicationContext]Closing org.springframework.context.support.ClassPathXmlApplicationContext@1175e2db: startup date [Wed Sep 05 18:01:04 CST 2018]; root of context hierarchy
  [INFO] [2018-09-05 18:03:44][org.springframework.context.support.ClassPathXmlApplicationContext]Refreshing org.springframework.context.support.ClassPathXmlApplicationContext@1175e2db: startup date [Wed Sep 05 18:03:44 CST 2018]; root of context hierarchy
  [INFO] [2018-09-05 18:03:44][org.springframework.beans.factory.xml.XmlBeanDefinitionReader]Loading XML bean definitions from class path resource [beans.xml]
  [INFO] [2018-09-05 18:03:44][org.springframework.context.support.ClassPathXmlApplicationContext]Closing org.springframework.context.support.ClassPathXmlApplicationContext@1175e2db: startup date [Wed Sep 05 18:03:44 CST 2018]; root of context hierarchy
  [INFO] [2018-09-05 18:04:26][org.springframework.context.support.ClassPathXmlApplicationContext]Refreshing org.springframework.context.support.ClassPathXmlApplicationContext@1175e2db: startup date [Wed Sep 05 18:04:26 CST 2018]; root of context hierarchy
  [INFO] [2018-09-05 18:04:26][org.springframework.beans.factory.xml.XmlBeanDefinitionReader]Loading XML bean definitions from class path resource [beans.xml]
  [INFO] [2018-09-05 18:04:26][org.springframework.context.support.ClassPathXmlApplicationContext]Closing org.springframework.context.support.ClassPathXmlApplicationContext@1175e2db: startup date [Wed Sep 05 18:04:26 CST 2018]; root of context hierarchy
  [INFO] [2018-09-05 18:24:02][org.springframework.context.support.ClassPathXmlApplicationContext]Refreshing org.springframework.context.support.ClassPathXmlApplicationContext@1175e2db: startup date [Wed Sep 05 18:24:02 CST 2018]; root of context hierarchy
  [INFO] [2018-09-05 18:24:02][org.springframework.beans.factory.xml.XmlBeanDefinitionReader]Loading XML bean definitions from class path resource [beans.xml]
  [INFO] [2018-09-05 18:24:02][org.springframework.context.support.ClassPathXmlApplicationContext]Closing org.springframework.context.support.ClassPathXmlApplicationContext@1175e2db: startup date [Wed Sep 05 18:24:02 CST 2018]; root of context hierarchy
  [INFO] [2018-09-05 18:25:54][org.springframework.context.support.ClassPathXmlApplicationContext]Refreshing org.springframework.context.support.ClassPathXmlApplicationContext@1175e2db: startup date [Wed Sep 05 18:25:54 CST 2018]; root of context hierarchy
  [INFO] [2018-09-05 18:25:54][org.springframework.beans.factory.xml.XmlBeanDefinitionReader]Loading XML bean definitions from class path resource [beans.xml]
  [INFO] [2018-09-05 18:25:54][org.springframework.context.support.ClassPathXmlApplicationContext]Closing org.springframework.context.support.ClassPathXmlApplicationContext@1175e2db: startup date [Wed Sep 05 18:25:54 CST 2018]; root of context hierarchy
  [INFO] [2018-09-05 18:30:30][org.springframework.context.support.ClassPathXmlApplicationContext]Refreshing org.springframework.context.support.ClassPathXmlApplicationContext@1175e2db: startup date [Wed Sep 05 18:30:30 CST 2018]; root of context hierarchy
  [INFO] [2018-09-05 18:30:30][org.springframework.beans.factory.xml.XmlBeanDefinitionReader]Loading XML bean definitions from class path resource [beans.xml]
  [INFO] [2018-09-05 18:30:30][org.springframework.context.support.ClassPathXmlApplicationContext]Closing org.springframework.context.support.ClassPathXmlApplicationContext@1175e2db: startup date [Wed Sep 05 18:30:30 CST 2018]; root of context hierarchy
  [INFO] [2018-09-05 18:32:30][org.springframework.context.support.ClassPathXmlApplicationContext]Refreshing org.springframework.context.support.ClassPathXmlApplicationContext@1175e2db: startup date [Wed Sep 05 18:32:30 CST 2018]; root of context hierarchy
  [INFO] [2018-09-05 18:32:30][org.springframework.beans.factory.xml.XmlBeanDefinitionReader]Loading XML bean definitions from class path resource [beans.xml]
  [INFO] [2018-09-05 18:32:31][org.springframework.context.support.ClassPathXmlApplicationContext]Closing org.springframework.context.support.ClassPathXmlApplicationContext@1175e2db: startup date [Wed Sep 05 18:32:30 CST 2018]; root of context hierarchy
  [INFO] [2018-09-05 19:42:58][org.springframework.context.support.ClassPathXmlApplicationContext]Refreshing org.springframework.context.support.ClassPathXmlApplicationContext@1175e2db: startup date [Wed Sep 05 19:42:58 CST 2018]; root of context hierarchy
  [INFO] [2018-09-05 19:42:58][org.springframework.beans.factory.xml.XmlBeanDefinitionReader]Loading XML bean definitions from class path resource [beans.xml]
  [INFO] [2018-09-05 19:42:58][org.springframework.context.support.ClassPathXmlApplicationContext]Closing org.springframework.context.support.ClassPathXmlApplicationContext@1175e2db: startup date [Wed Sep 05 19:42:58 CST 2018]; root of context hierarchy
  [INFO] [2018-09-06 09:52:06][org.springframework.context.support.ClassPathXmlApplicationContext]Refreshing org.springframework.context.support.ClassPathXmlApplicationContext@1175e2db: startup date [Thu Sep 06 09:52:06 CST 2018]; root of context hierarchy
  [INFO] [2018-09-06 09:52:07][org.springframework.beans.factory.xml.XmlBeanDefinitionReader]Loading XML bean definitions from class path resource [beans.xml]
  [INFO] [2018-09-06 09:52:07][org.springframework.context.support.ClassPathXmlApplicationContext]Closing org.springframework.context.support.ClassPathXmlApplicationContext@1175e2db: startup date [Thu Sep 06 09:52:06 CST 2018]; root of context hierarchy
  [INFO] [2018-09-06 09:54:02][org.springframework.context.support.ClassPathXmlApplicationContext]Refreshing org.springframework.context.support.ClassPathXmlApplicationContext@1175e2db: startup date [Thu Sep 06 09:54:02 CST 2018]; root of context hierarchy
  [INFO] [2018-09-06 09:54:02][org.springframework.beans.factory.xml.XmlBeanDefinitionReader]Loading XML bean definitions from class path resource [beans.xml]
  [INFO] [2018-09-06 09:54:02][org.springframework.context.support.ClassPathXmlApplicationContext]Closing org.springframework.context.support.ClassPathXmlApplicationContext@1175e2db: startup date [Thu Sep 06 09:54:02 CST 2018]; root of context hierarchy
  [INFO] [2018-09-06 20:51:27][org.springframework.context.support.ClassPathXmlApplicationContext]Refreshing org.springframework.context.support.ClassPathXmlApplicationContext@1175e2db: startup date [Thu Sep 06 20:51:27 CST 2018]; root of context hierarchy
  [INFO] [2018-09-06 20:51:27][org.springframework.beans.factory.xml.XmlBeanDefinitionReader]Loading XML bean definitions from class path resource [beans.xml]
  [INFO] [2018-09-06 20:51:27][org.springframework.context.support.ClassPathXmlApplicationContext]Closing org.springframework.context.support.ClassPathXmlApplicationContext@1175e2db: startup date [Thu Sep 06 20:51:27 CST 2018]; root of context hierarchy
  [INFO] [2018-09-10 16:32:19][org.springframework.context.support.ClassPathXmlApplicationContext]Refreshing org.springframework.context.support.ClassPathXmlApplicationContext@1175e2db: startup date [Mon Sep 10 16:32:19 CST 2018]; root of context hierarchy
  [INFO] [2018-09-10 16:32:19][org.springframework.beans.factory.xml.XmlBeanDefinitionReader]Loading XML bean definitions from class path resource [beans.xml]
  [INFO] [2018-09-10 16:32:19][org.springframework.context.support.ClassPathXmlApplicationContext]Closing org.springframework.context.support.ClassPathXmlApplicationContext@1175e2db: startup date [Mon Sep 10 16:32:19 CST 2018]; root of context hierarchy
  [INFO] [2018-09-10 17:21:44][org.springframework.context.support.ClassPathXmlApplicationContext]Refreshing org.springframework.context.support.ClassPathXmlApplicationContext@1dfe2924: startup date [Mon Sep 10 17:21:44 CST 2018]; root of context hierarchy
  [INFO] [2018-09-10 17:21:44][org.springframework.beans.factory.xml.XmlBeanDefinitionReader]Loading XML bean definitions from class path resource [beans.xml]
  [INFO] [2018-09-10 17:22:24][org.springframework.context.support.ClassPathXmlApplicationContext]Closing org.springframework.context.support.ClassPathXmlApplicationContext@1dfe2924: startup date [Mon Sep 10 17:21:44 CST 2018]; root of context hierarchy
  [INFO] [2018-09-10 17:25:04][org.springframework.context.support.ClassPathXmlApplicationContext]Refreshing org.springframework.context.support.ClassPathXmlApplicationContext@1dfe2924: startup date [Mon Sep 10 17:25:04 CST 2018]; root of context hierarchy
  [INFO] [2018-09-10 17:25:04][org.springframework.beans.factory.xml.XmlBeanDefinitionReader]Loading XML bean definitions from class path resource [beans.xml]
  [INFO] [2018-09-10 17:25:16][org.springframework.context.support.ClassPathXmlApplicationContext]Closing org.springframework.context.support.ClassPathXmlApplicationContext@1dfe2924: startup date [Mon Sep 10 17:25:04 CST 2018]; root of context hierarchy
  [INFO] [2018-09-10 17:34:30][org.springframework.context.support.ClassPathXmlApplicationContext]Refreshing org.springframework.context.support.ClassPathXmlApplicationContext@1dfe2924: startup date [Mon Sep 10 17:34:30 CST 2018]; root of context hierarchy
  [INFO] [2018-09-10 17:34:30][org.springframework.beans.factory.xml.XmlBeanDefinitionReader]Loading XML bean definitions from class path resource [beans.xml]
  [INFO] [2018-09-10 17:34:44][org.springframework.context.support.ClassPathXmlApplicationContext]Closing org.springframework.context.support.ClassPathXmlApplicationContext@1dfe2924: startup date [Mon Sep 10 17:34:30 CST 2018]; root of context hierarchy
  [INFO] [2018-09-10 17:50:55][org.springframework.context.support.ClassPathXmlApplicationContext]Refreshing org.springframework.context.support.ClassPathXmlApplicationContext@1dfe2924: startup date [Mon Sep 10 17:50:55 CST 2018]; root of context hierarchy
  [INFO] [2018-09-10 17:50:55][org.springframework.beans.factory.xml.XmlBeanDefinitionReader]Loading XML bean definitions from class path resource [beans.xml]
  [INFO] [2018-09-10 17:50:58][org.springframework.context.support.ClassPathXmlApplicationContext]Closing org.springframework.context.support.ClassPathXmlApplicationContext@1dfe2924: startup date [Mon Sep 10 17:50:55 CST 2018]; root of context hierarchy
  [INFO] [2018-09-11 10:07:38][org.springframework.context.support.ClassPathXmlApplicationContext]Refreshing org.springframework.context.support.ClassPathXmlApplicationContext@1175e2db: startup date [Tue Sep 11 10:07:38 CST 2018]; root of context hierarchy
  [INFO] [2018-09-11 10:07:39][org.springframework.beans.factory.xml.XmlBeanDefinitionReader]Loading XML bean definitions from class path resource [beans.xml]
  [INFO] [2018-09-11 10:07:39][org.springframework.context.support.ClassPathXmlApplicationContext]Closing org.springframework.context.support.ClassPathXmlApplicationContext@1175e2db: startup date [Tue Sep 11 10:07:38 CST 2018]; root of context hierarchy
  [INFO] [2018-09-12 09:45:40][org.springframework.context.support.ClassPathXmlApplicationContext]Refreshing org.springframework.context.support.ClassPathXmlApplicationContext@1175e2db: startup date [Wed Sep 12 09:45:40 CST 2018]; root of context hierarchy
  [INFO] [2018-09-12 09:45:40][org.springframework.beans.factory.xml.XmlBeanDefinitionReader]Loading XML bean definitions from class path resource [beans.xml]
  [INFO] [2018-09-12 09:45:41][org.springframework.context.support.ClassPathXmlApplicationContext]Closing org.springframework.context.support.ClassPathXmlApplicationContext@1175e2db: startup date [Wed Sep 12 09:45:40 CST 2018]; root of context hierarchy
  [INFO] [2018-09-12 09:48:01][org.springframework.context.support.ClassPathXmlApplicationContext]Refreshing org.springframework.context.support.ClassPathXmlApplicationContext@1175e2db: startup date [Wed Sep 12 09:48:01 CST 2018]; root of context hierarchy
  [INFO] [2018-09-12 09:48:01][org.springframework.beans.factory.xml.XmlBeanDefinitionReader]Loading XML bean definitions from class path resource [beans.xml]
  [INFO] [2018-09-12 09:48:01][org.springframework.context.support.ClassPathXmlApplicationContext]Closing org.springframework.context.support.ClassPathXmlApplicationContext@1175e2db: startup date [Wed Sep 12 09:48:01 CST 2018]; root of context hierarchy
  [INFO] [2018-09-13 10:01:58][org.springframework.context.support.ClassPathXmlApplicationContext]Refreshing org.springframework.context.support.ClassPathXmlApplicationContext@1175e2db: startup date [Thu Sep 13 10:01:58 CST 2018]; root of context hierarchy
  [INFO] [2018-09-13 10:01:59][org.springframework.beans.factory.xml.XmlBeanDefinitionReader]Loading XML bean definitions from class path resource [beans.xml]
  [INFO] [2018-09-13 10:01:59][org.springframework.context.support.ClassPathXmlApplicationContext]Closing org.springframework.context.support.ClassPathXmlApplicationContext@1175e2db: startup date [Thu Sep 13 10:01:58 CST 2018]; root of context hierarchy
  [INFO] [2018-09-13 10:02:28][org.springframework.context.support.ClassPathXmlApplicationContext]Refreshing org.springframework.context.support.ClassPathXmlApplicationContext@1dfe2924: startup date [Thu Sep 13 10:02:28 CST 2018]; root of context hierarchy
  [INFO] [2018-09-13 10:02:28][org.springframework.beans.factory.xml.XmlBeanDefinitionReader]Loading XML bean definitions from class path resource [beans.xml]
  [INFO] [2018-09-13 10:02:36][org.springframework.context.support.ClassPathXmlApplicationContext]Closing org.springframework.context.support.ClassPathXmlApplicationContext@1dfe2924: startup date [Thu Sep 13 10:02:28 CST 2018]; root of context hierarchy
  [INFO] [2018-09-13 10:02:51][org.springframework.context.support.ClassPathXmlApplicationContext]Refreshing org.springframework.context.support.ClassPathXmlApplicationContext@1dfe2924: startup date [Thu Sep 13 10:02:51 CST 2018]; root of context hierarchy
  [INFO] [2018-09-13 10:02:51][org.springframework.beans.factory.xml.XmlBeanDefinitionReader]Loading XML bean definitions from class path resource [beans.xml]
  [INFO] [2018-09-13 10:02:52][org.springframework.context.support.ClassPathXmlApplicationContext]Closing org.springframework.context.support.ClassPathXmlApplicationContext@1dfe2924: startup date [Thu Sep 13 10:02:51 CST 2018]; root of context hierarchy
  [INFO] [2018-09-13 10:15:21][org.springframework.context.support.ClassPathXmlApplicationContext]Refreshing org.springframework.context.support.ClassPathXmlApplicationContext@1175e2db: startup date [Thu Sep 13 10:15:21 CST 2018]; root of context hierarchy
  [INFO] [2018-09-13 10:15:21][org.springframework.beans.factory.xml.XmlBeanDefinitionReader]Loading XML bean definitions from class path resource [beans.xml]
  [INFO] [2018-09-13 10:16:36][org.springframework.context.support.ClassPathXmlApplicationContext]Refreshing org.springframework.context.support.ClassPathXmlApplicationContext@1175e2db: startup date [Thu Sep 13 10:16:36 CST 2018]; root of context hierarchy
  [INFO] [2018-09-13 10:16:36][org.springframework.beans.factory.xml.XmlBeanDefinitionReader]Loading XML bean definitions from class path resource [beans.xml]
  [INFO] [2018-09-13 10:17:40][org.springframework.context.support.ClassPathXmlApplicationContext]Refreshing org.springframework.context.support.ClassPathXmlApplicationContext@1175e2db: startup date [Thu Sep 13 10:17:40 CST 2018]; root of context hierarchy
  [INFO] [2018-09-13 10:17:40][org.springframework.beans.factory.xml.XmlBeanDefinitionReader]Loading XML bean definitions from class path resource [beans.xml]
  [INFO] [2018-09-13 10:18:12][org.springframework.context.support.ClassPathXmlApplicationContext]Refreshing org.springframework.context.support.ClassPathXmlApplicationContext@1175e2db: startup date [Thu Sep 13 10:18:12 CST 2018]; root of context hierarchy
  [INFO] [2018-09-13 10:18:12][org.springframework.beans.factory.xml.XmlBeanDefinitionReader]Loading XML bean definitions from class path resource [beans.xml]
  [INFO] [2018-09-13 10:19:35][org.springframework.context.support.ClassPathXmlApplicationContext]Refreshing org.springframework.context.support.ClassPathXmlApplicationContext@1175e2db: startup date [Thu Sep 13 10:19:35 CST 2018]; root of context hierarchy
  [INFO] [2018-09-13 10:19:35][org.springframework.beans.factory.xml.XmlBeanDefinitionReader]Loading XML bean definitions from class path resource [beans.xml]
  [WARN] [2018-09-13 10:19:36][org.springframework.context.support.ClassPathXmlApplicationContext]Exception encountered during context initialization - cancelling refresh attempt: org.springframework.beans.factory.CannotLoadBeanClassException: Cannot find class [com.pier.service.BeanInitService] for bean with name 'beanInitService' defined in class path resource [beans.xml]; nested exception is java.lang.ClassNotFoundException: com.pier.service.BeanInitService
  [INFO] [2018-09-13 10:19:44][org.springframework.context.support.ClassPathXmlApplicationContext]Refreshing org.springframework.context.support.ClassPathXmlApplicationContext@1175e2db: startup date [Thu Sep 13 10:19:44 CST 2018]; root of context hierarchy
  [INFO] [2018-09-13 10:19:44][org.springframework.beans.factory.xml.XmlBeanDefinitionReader]Loading XML bean definitions from class path resource [beans.xml]
  [INFO] [2018-09-13 10:19:45][org.springframework.context.support.ClassPathXmlApplicationContext]Closing org.springframework.context.support.ClassPathXmlApplicationContext@1175e2db: startup date [Thu Sep 13 10:19:44 CST 2018]; root of context hierarchy
  [INFO] [2018-09-13 10:21:02][org.springframework.context.support.ClassPathXmlApplicationContext]Refreshing org.springframework.context.support.ClassPathXmlApplicationContext@1175e2db: startup date [Thu Sep 13 10:21:02 CST 2018]; root of context hierarchy
  [INFO] [2018-09-13 10:21:02][org.springframework.beans.factory.xml.XmlBeanDefinitionReader]Loading XML bean definitions from class path resource [beans.xml]
  [INFO] [2018-09-13 10:21:02][org.springframework.context.support.ClassPathXmlApplicationContext]Closing org.springframework.context.support.ClassPathXmlApplicationContext@1175e2db: startup date [Thu Sep 13 10:21:02 CST 2018]; root of context hierarchy
  [INFO] [2018-09-13 10:21:33][org.springframework.context.support.ClassPathXmlApplicationContext]Refreshing org.springframework.context.support.ClassPathXmlApplicationContext@1175e2db: startup date [Thu Sep 13 10:21:33 CST 2018]; root of context hierarchy
  [INFO] [2018-09-13 10:21:33][org.springframework.beans.factory.xml.XmlBeanDefinitionReader]Loading XML bean definitions from class path resource [beans.xml]
  [INFO] [2018-09-13 10:21:34][org.springframework.context.support.ClassPathXmlApplicationContext]Closing org.springframework.context.support.ClassPathXmlApplicationContext@1175e2db: startup date [Thu Sep 13 10:21:33 CST 2018]; root of context hierarchy
  [INFO] [2018-09-13 10:21:58][org.springframework.context.support.ClassPathXmlApplicationContext]Refreshing org.springframework.context.support.ClassPathXmlApplicationContext@1175e2db: startup date [Thu Sep 13 10:21:58 CST 2018]; root of context hierarchy
  [INFO] [2018-09-13 10:21:58][org.springframework.beans.factory.xml.XmlBeanDefinitionReader]Loading XML bean definitions from class path resource [beans.xml]
  [INFO] [2018-09-13 10:21:58][org.springframework.context.support.ClassPathXmlApplicationContext]Closing org.springframework.context.support.ClassPathXmlApplicationContext@1175e2db: startup date [Thu Sep 13 10:21:58 CST 2018]; root of context hierarchy
  [INFO] [2018-09-13 10:25:08][org.springframework.context.support.ClassPathXmlApplicationContext]Refreshing org.springframework.context.support.ClassPathXmlApplicationContext@1175e2db: startup date [Thu Sep 13 10:25:08 CST 2018]; root of context hierarchy
  [INFO] [2018-09-13 10:25:08][org.springframework.beans.factory.xml.XmlBeanDefinitionReader]Loading XML bean definitions from class path resource [beans.xml]
  [INFO] [2018-09-13 10:25:08][org.springframework.context.support.ClassPathXmlApplicationContext]Closing org.springframework.context.support.ClassPathXmlApplicationContext@1175e2db: startup date [Thu Sep 13 10:25:08 CST 2018]; root of context hierarchy
  [INFO] [2018-09-13 10:40:59][org.springframework.context.support.ClassPathXmlApplicationContext]Refreshing org.springframework.context.support.ClassPathXmlApplicationContext@1175e2db: startup date [Thu Sep 13 10:40:59 CST 2018]; root of context hierarchy
  [INFO] [2018-09-13 10:40:59][org.springframework.beans.factory.xml.XmlBeanDefinitionReader]Loading XML bean definitions from class path resource [spring-context.xml]
  [INFO] [2018-09-13 10:40:59][org.springframework.beans.factory.xml.XmlBeanDefinitionReader]Loading XML bean definitions from class path resource [beans.xml]
  [INFO] [2018-09-13 10:41:00][org.springframework.context.support.ClassPathXmlApplicationContext]Closing org.springframework.context.support.ClassPathXmlApplicationContext@1175e2db: startup date [Thu Sep 13 10:40:59 CST 2018]; root of context hierarchy
  [INFO] [2018-09-13 10:45:01][org.springframework.context.support.ClassPathXmlApplicationContext]Refreshing org.springframework.context.support.ClassPathXmlApplicationContext@1175e2db: startup date [Thu Sep 13 10:45:01 CST 2018]; root of context hierarchy
  [INFO] [2018-09-13 10:45:01][org.springframework.beans.factory.xml.XmlBeanDefinitionReader]Loading XML bean definitions from class path resource [spring-context.xml]
  [INFO] [2018-09-13 10:45:01][org.springframework.beans.factory.xml.XmlBeanDefinitionReader]Loading XML bean definitions from class path resource [spring-beans.xml]
  [INFO] [2018-09-13 10:45:02][org.springframework.beans.factory.xml.XmlBeanDefinitionReader]Loading XML bean definitions from class path resource [beans.xml]
  [INFO] [2018-09-13 10:45:02][org.springframework.context.support.ClassPathXmlApplicationContext]Closing org.springframework.context.support.ClassPathXmlApplicationContext@1175e2db: startup date [Thu Sep 13 10:45:01 CST 2018]; root of context hierarchy
  [INFO] [2018-09-13 10:58:25][org.springframework.context.support.ClassPathXmlApplicationContext]Refreshing org.springframework.context.support.ClassPathXmlApplicationContext@1175e2db: startup date [Thu Sep 13 10:58:25 CST 2018]; root of context hierarchy
  [INFO] [2018-09-13 10:58:25][org.springframework.beans.factory.xml.XmlBeanDefinitionReader]Loading XML bean definitions from class path resource [spring-context.xml]
  [INFO] [2018-09-13 10:58:26][org.springframework.beans.factory.xml.XmlBeanDefinitionReader]Loading XML bean definitions from class path resource [spring-beans.xml]
  [INFO] [2018-09-13 10:58:26][org.springframework.beans.factory.xml.XmlBeanDefinitionReader]Loading XML bean definitions from class path resource [beans.xml]
  [INFO] [2018-09-13 10:58:26][org.springframework.context.support.ClassPathXmlApplicationContext]Closing org.springframework.context.support.ClassPathXmlApplicationContext@1175e2db: startup date [Thu Sep 13 10:58:25 CST 2018]; root of context hierarchy
  [INFO] [2018-09-13 11:03:48][org.springframework.context.support.ClassPathXmlApplicationContext]Refreshing org.springframework.context.support.ClassPathXmlApplicationContext@1175e2db: startup date [Thu Sep 13 11:03:48 CST 2018]; root of context hierarchy
  [INFO] [2018-09-13 11:03:48][org.springframework.beans.factory.xml.XmlBeanDefinitionReader]Loading XML bean definitions from class path resource [spring-context.xml]
  [INFO] [2018-09-13 11:03:48][org.springframework.beans.factory.xml.XmlBeanDefinitionReader]Loading XML bean definitions from class path resource [spring-beans.xml]
  [INFO] [2018-09-13 11:03:48][org.springframework.beans.factory.xml.XmlBeanDefinitionReader]Loading XML bean definitions from class path resource [beans.xml]
  [INFO] [2018-09-13 11:04:14][org.springframework.context.support.ClassPathXmlApplicationContext]Refreshing org.springframework.context.support.ClassPathXmlApplicationContext@1175e2db: startup date [Thu Sep 13 11:04:14 CST 2018]; root of context hierarchy
  [INFO] [2018-09-13 11:04:14][org.springframework.beans.factory.xml.XmlBeanDefinitionReader]Loading XML bean definitions from class path resource [spring-context.xml]
  [INFO] [2018-09-13 11:04:14][org.springframework.beans.factory.xml.XmlBeanDefinitionReader]Loading XML bean definitions from class path resource [spring-beans.xml]
  [INFO] [2018-09-13 11:04:14][org.springframework.beans.factory.xml.XmlBeanDefinitionReader]Loading XML bean definitions from class path resource [beans.xml]
  [INFO] [2018-09-13 11:04:15][org.springframework.context.support.ClassPathXmlApplicationContext]Closing org.springframework.context.support.ClassPathXmlApplicationContext@1175e2db: startup date [Thu Sep 13 11:04:14 CST 2018]; root of context hierarchy
  [INFO] [2018-09-13 11:10:07][org.springframework.context.support.ClassPathXmlApplicationContext]Refreshing org.springframework.context.support.ClassPathXmlApplicationContext@1175e2db: startup date [Thu Sep 13 11:10:07 CST 2018]; root of context hierarchy
  [INFO] [2018-09-13 11:10:07][org.springframework.beans.factory.xml.XmlBeanDefinitionReader]Loading XML bean definitions from class path resource [spring-context.xml]
  [INFO] [2018-09-13 11:10:07][org.springframework.beans.factory.xml.XmlBeanDefinitionReader]Loading XML bean definitions from class path resource [spring-beans.xml]
  [INFO] [2018-09-13 11:10:07][org.springframework.beans.factory.xml.XmlBeanDefinitionReader]Loading XML bean definitions from class path resource [beans.xml]
  [INFO] [2018-09-13 11:10:07][org.springframework.context.support.ClassPathXmlApplicationContext]Closing org.springframework.context.support.ClassPathXmlApplicationContext@1175e2db: startup date [Thu Sep 13 11:10:07 CST 2018]; root of context hierarchy
  [INFO] [2018-09-13 11:11:03][org.springframework.context.support.ClassPathXmlApplicationContext]Refreshing org.springframework.context.support.ClassPathXmlApplicationContext@1175e2db: startup date [Thu Sep 13 11:11:03 CST 2018]; root of context hierarchy
  [INFO] [2018-09-13 11:11:04][org.springframework.beans.factory.xml.XmlBeanDefinitionReader]Loading XML bean definitions from class path resource [spring-context.xml]
  [INFO] [2018-09-13 11:11:04][org.springframework.beans.factory.xml.XmlBeanDefinitionReader]Loading XML bean definitions from class path resource [spring-beans.xml]
  [INFO] [2018-09-13 11:11:04][org.springframework.beans.factory.xml.XmlBeanDefinitionReader]Loading XML bean definitions from class path resource [beans.xml]
  [INFO] [2018-09-13 11:12:08][org.springframework.context.support.ClassPathXmlApplicationContext]Refreshing org.springframework.context.support.ClassPathXmlApplicationContext@1175e2db: startup date [Thu Sep 13 11:12:08 CST 2018]; root of context hierarchy
  [INFO] [2018-09-13 11:12:08][org.springframework.beans.factory.xml.XmlBeanDefinitionReader]Loading XML bean definitions from class path resource [spring-context.xml]
  [INFO] [2018-09-13 11:12:09][org.springframework.beans.factory.xml.XmlBeanDefinitionReader]Loading XML bean definitions from class path resource [spring-beans.xml]
  [INFO] [2018-09-13 11:12:09][org.springframework.beans.factory.xml.XmlBeanDefinitionReader]Loading XML bean definitions from class path resource [beans.xml]
  [INFO] [2018-09-13 11:12:09][org.springframework.context.support.ClassPathXmlApplicationContext]Closing org.springframework.context.support.ClassPathXmlApplicationContext@1175e2db: startup date [Thu Sep 13 11:12:08 CST 2018]; root of context hierarchy
  [INFO] [2018-09-13 11:27:29][org.springframework.context.support.ClassPathXmlApplicationContext]Refreshing org.springframework.context.support.ClassPathXmlApplicationContext@1dfe2924: startup date [Thu Sep 13 11:27:29 CST 2018]; root of context hierarchy
  [INFO] [2018-09-13 11:27:29][org.springframework.beans.factory.xml.XmlBeanDefinitionReader]Loading XML bean definitions from class path resource [spring-context.xml]
  [INFO] [2018-09-13 11:27:29][org.springframework.beans.factory.xml.XmlBeanDefinitionReader]Loading XML bean definitions from class path resource [spring-beans.xml]
  [INFO] [2018-09-13 11:27:29][org.springframework.beans.factory.xml.XmlBeanDefinitionReader]Loading XML bean definitions from class path resource [beans.xml]
  [INFO] [2018-09-13 11:27:43][org.springframework.context.support.ClassPathXmlApplicationContext]Closing org.springframework.context.support.ClassPathXmlApplicationContext@1dfe2924: startup date [Thu Sep 13 11:27:29 CST 2018]; root of context hierarchy
  [INFO] [2018-09-13 13:16:54][org.springframework.context.support.ClassPathXmlApplicationContext]Refreshing org.springframework.context.support.ClassPathXmlApplicationContext@1dfe2924: startup date [Thu Sep 13 13:16:54 CST 2018]; root of context hierarchy
  [INFO] [2018-09-13 13:16:55][org.springframework.beans.factory.xml.XmlBeanDefinitionReader]Loading XML bean definitions from class path resource [spring-context.xml]
  [INFO] [2018-09-13 13:16:55][org.springframework.beans.factory.xml.XmlBeanDefinitionReader]Loading XML bean definitions from class path resource [spring-beans.xml]
  [INFO] [2018-09-13 13:16:55][org.springframework.beans.factory.xml.XmlBeanDefinitionReader]Loading XML bean definitions from class path resource [beans.xml]
  [INFO] [2018-09-14 16:07:40][org.springframework.context.support.ClassPathXmlApplicationContext]Refreshing org.springframework.context.support.ClassPathXmlApplicationContext@1175e2db: startup date [Fri Sep 14 16:07:40 CST 2018]; root of context hierarchy
  [INFO] [2018-09-14 16:07:41][org.springframework.beans.factory.xml.XmlBeanDefinitionReader]Loading XML bean definitions from class path resource [spring-context.xml]
  [INFO] [2018-09-14 16:07:41][org.springframework.beans.factory.xml.XmlBeanDefinitionReader]Loading XML bean definitions from class path resource [spring-beans.xml]
  [INFO] [2018-09-14 16:07:41][org.springframework.beans.factory.xml.XmlBeanDefinitionReader]Loading XML bean definitions from class path resource [beans.xml]
  [INFO] [2018-09-14 16:07:42][org.springframework.context.support.ClassPathXmlApplicationContext]Closing org.springframework.context.support.ClassPathXmlApplicationContext@1175e2db: startup date [Fri Sep 14 16:07:40 CST 2018]; root of context hierarchy
  [INFO] [2018-09-14 16:08:24][org.springframework.context.support.ClassPathXmlApplicationContext]Refreshing org.springframework.context.support.ClassPathXmlApplicationContext@1175e2db: startup date [Fri Sep 14 16:08:24 CST 2018]; root of context hierarchy
  [INFO] [2018-09-14 16:08:24][org.springframework.beans.factory.xml.XmlBeanDefinitionReader]Loading XML bean definitions from class path resource [spring-context.xml]
  [INFO] [2018-09-14 16:08:24][org.springframework.beans.factory.xml.XmlBeanDefinitionReader]Loading XML bean definitions from class path resource [spring-beans.xml]
  [INFO] [2018-09-14 16:08:24][org.springframework.beans.factory.xml.XmlBeanDefinitionReader]Loading XML bean definitions from class path resource [beans.xml]
  [INFO] [2018-09-14 16:08:26][org.springframework.context.support.ClassPathXmlApplicationContext]Closing org.springframework.context.support.ClassPathXmlApplicationContext@1175e2db: startup date [Fri Sep 14 16:08:24 CST 2018]; root of context hierarchy
  [INFO] [2018-09-14 16:12:22][org.springframework.context.support.ClassPathXmlApplicationContext]Refreshing org.springframework.context.support.ClassPathXmlApplicationContext@1175e2db: startup date [Fri Sep 14 16:12:22 CST 2018]; root of context hierarchy
  [INFO] [2018-09-14 16:12:22][org.springframework.beans.factory.xml.XmlBeanDefinitionReader]Loading XML bean definitions from class path resource [spring-context.xml]
  [INFO] [2018-09-14 16:12:22][org.springframework.beans.factory.xml.XmlBeanDefinitionReader]Loading XML bean definitions from class path resource [spring-beans.xml]
  [INFO] [2018-09-14 16:12:22][org.springframework.beans.factory.xml.XmlBeanDefinitionReader]Loading XML bean definitions from class path resource [beans.xml]
  [INFO] [2018-09-14 16:12:23][org.springframework.context.support.ClassPathXmlApplicationContext]Closing org.springframework.context.support.ClassPathXmlApplicationContext@1175e2db: startup date [Fri Sep 14 16:12:22 CST 2018]; root of context hierarchy
  [INFO] [2018-09-14 16:21:36][org.springframework.context.support.ClassPathXmlApplicationContext]Refreshing org.springframework.context.support.ClassPathXmlApplicationContext@1175e2db: startup date [Fri Sep 14 16:21:36 CST 2018]; root of context hierarchy
  [INFO] [2018-09-14 16:21:36][org.springframework.beans.factory.xml.XmlBeanDefinitionReader]Loading XML bean definitions from class path resource [spring-context.xml]
  [INFO] [2018-09-14 16:21:37][org.springframework.beans.factory.xml.XmlBeanDefinitionReader]Loading XML bean definitions from class path resource [spring-beans.xml]
  [INFO] [2018-09-14 16:21:37][org.springframework.beans.factory.xml.XmlBeanDefinitionReader]Loading XML bean definitions from class path resource [beans.xml]
  [INFO] [2018-09-14 16:21:38][org.springframework.context.support.ClassPathXmlApplicationContext]Closing org.springframework.context.support.ClassPathXmlApplicationContext@1175e2db: startup date [Fri Sep 14 16:21:36 CST 2018]; root of context hierarchy
  [INFO] [2018-09-14 16:24:41][org.springframework.context.support.ClassPathXmlApplicationContext]Refreshing org.springframework.context.support.ClassPathXmlApplicationContext@1175e2db: startup date [Fri Sep 14 16:24:41 CST 2018]; root of context hierarchy
  [INFO] [2018-09-14 16:24:41][org.springframework.beans.factory.xml.XmlBeanDefinitionReader]Loading XML bean definitions from class path resource [spring-context.xml]
  [INFO] [2018-09-14 16:24:41][org.springframework.beans.factory.xml.XmlBeanDefinitionReader]Loading XML bean definitions from class path resource [spring-beans.xml]
  [INFO] [2018-09-14 16:24:42][org.springframework.beans.factory.xml.XmlBeanDefinitionReader]Loading XML bean definitions from class path resource [beans.xml]
  [INFO] [2018-09-14 16:24:42][org.springframework.context.support.ClassPathXmlApplicationContext]Closing org.springframework.context.support.ClassPathXmlApplicationContext@1175e2db: startup date [Fri Sep 14 16:24:41 CST 2018]; root of context hierarchy
  [INFO] [2018-09-14 18:01:15][org.springframework.context.support.ClassPathXmlApplicationContext]Refreshing org.springframework.context.support.ClassPathXmlApplicationContext@1175e2db: startup date [Fri Sep 14 18:01:15 CST 2018]; root of context hierarchy
  [INFO] [2018-09-14 18:01:15][org.springframework.beans.factory.xml.XmlBeanDefinitionReader]Loading XML bean definitions from class path resource [spring-context.xml]
  [INFO] [2018-09-14 18:01:15][org.springframework.beans.factory.xml.XmlBeanDefinitionReader]Loading XML bean definitions from class path resource [spring-beans.xml]
  [INFO] [2018-09-14 18:01:15][org.springframework.beans.factory.xml.XmlBeanDefinitionReader]Loading XML bean definitions from class path resource [beans.xml]
  [INFO] [2018-09-14 18:01:16][org.springframework.context.support.ClassPathXmlApplicationContext]Closing org.springframework.context.support.ClassPathXmlApplicationContext@1175e2db: startup date [Fri Sep 14 18:01:15 CST 2018]; root of context hierarchy
  [INFO] [2018-09-14 18:02:32][org.springframework.context.support.ClassPathXmlApplicationContext]Refreshing org.springframework.context.support.ClassPathXmlApplicationContext@1175e2db: startup date [Fri Sep 14 18:02:32 CST 2018]; root of context hierarchy
  [INFO] [2018-09-14 18:02:32][org.springframework.beans.factory.xml.XmlBeanDefinitionReader]Loading XML bean definitions from class path resource [spring-context.xml]
  [INFO] [2018-09-14 18:02:32][org.springframework.beans.factory.xml.XmlBeanDefinitionReader]Loading XML bean definitions from class path resource [spring-beans.xml]
  [INFO] [2018-09-14 18:02:32][org.springframework.beans.factory.xml.XmlBeanDefinitionReader]Loading XML bean definitions from class path resource [beans.xml]
  [INFO] [2018-09-14 18:02:55][org.springframework.context.support.ClassPathXmlApplicationContext]Refreshing org.springframework.context.support.ClassPathXmlApplicationContext@1175e2db: startup date [Fri Sep 14 18:02:55 CST 2018]; root of context hierarchy
  [INFO] [2018-09-14 18:02:56][org.springframework.beans.factory.xml.XmlBeanDefinitionReader]Loading XML bean definitions from class path resource [spring-context.xml]
  [INFO] [2018-09-14 18:02:56][org.springframework.beans.factory.xml.XmlBeanDefinitionReader]Loading XML bean definitions from class path resource [spring-beans.xml]
  [INFO] [2018-09-14 18:02:56][org.springframework.beans.factory.xml.XmlBeanDefinitionReader]Loading XML bean definitions from class path resource [beans.xml]
  [INFO] [2018-09-14 18:02:57][org.springframework.context.support.ClassPathXmlApplicationContext]Closing org.springframework.context.support.ClassPathXmlApplicationContext@1175e2db: startup date [Fri Sep 14 18:02:55 CST 2018]; root of context hierarchy
  [INFO] [2018-09-14 18:06:12][org.springframework.context.support.ClassPathXmlApplicationContext]Refreshing org.springframework.context.support.ClassPathXmlApplicationContext@1175e2db: startup date [Fri Sep 14 18:06:12 CST 2018]; root of context hierarchy
  [INFO] [2018-09-14 18:06:12][org.springframework.beans.factory.xml.XmlBeanDefinitionReader]Loading XML bean definitions from class path resource [spring-context.xml]
  [INFO] [2018-09-14 18:06:13][org.springframework.beans.factory.xml.XmlBeanDefinitionReader]Loading XML bean definitions from class path resource [spring-beans.xml]
  [INFO] [2018-09-14 18:06:13][org.springframework.beans.factory.xml.XmlBeanDefinitionReader]Loading XML bean definitions from class path resource [beans.xml]
  [INFO] [2018-09-14 18:06:14][org.springframework.context.support.ClassPathXmlApplicationContext]Closing org.springframework.context.support.ClassPathXmlApplicationContext@1175e2db: startup date [Fri Sep 14 18:06:12 CST 2018]; root of context hierarchy
  [INFO] [2018-09-14 18:07:03][org.springframework.context.support.ClassPathXmlApplicationContext]Refreshing org.springframework.context.support.ClassPathXmlApplicationContext@1175e2db: startup date [Fri Sep 14 18:07:03 CST 2018]; root of context hierarchy
  [INFO] [2018-09-14 18:07:03][org.springframework.beans.factory.xml.XmlBeanDefinitionReader]Loading XML bean definitions from class path resource [spring-context.xml]
  [INFO] [2018-09-14 18:07:03][org.springframework.beans.factory.xml.XmlBeanDefinitionReader]Loading XML bean definitions from class path resource [spring-beans.xml]
  [INFO] [2018-09-14 18:07:03][org.springframework.beans.factory.xml.XmlBeanDefinitionReader]Loading XML bean definitions from class path resource [beans.xml]
  [INFO] [2018-09-14 18:07:05][org.springframework.context.support.ClassPathXmlApplicationContext]Closing org.springframework.context.support.ClassPathXmlApplicationContext@1175e2db: startup date [Fri Sep 14 18:07:03 CST 2018]; root of context hierarchy
  [INFO] [2018-09-14 18:08:46][org.springframework.context.support.ClassPathXmlApplicationContext]Refreshing org.springframework.context.support.ClassPathXmlApplicationContext@1175e2db: startup date [Fri Sep 14 18:08:46 CST 2018]; root of context hierarchy
  [INFO] [2018-09-14 18:08:46][org.springframework.beans.factory.xml.XmlBeanDefinitionReader]Loading XML bean definitions from class path resource [spring-context.xml]
  [INFO] [2018-09-14 18:08:46][org.springframework.beans.factory.xml.XmlBeanDefinitionReader]Loading XML bean definitions from class path resource [spring-beans.xml]
  [INFO] [2018-09-14 18:08:46][org.springframework.beans.factory.xml.XmlBeanDefinitionReader]Loading XML bean definitions from class path resource [beans.xml]
  [INFO] [2018-09-14 18:08:47][org.springframework.context.support.ClassPathXmlApplicationContext]Closing org.springframework.context.support.ClassPathXmlApplicationContext@1175e2db: startup date [Fri Sep 14 18:08:46 CST 2018]; root of context hierarchy
  [INFO] [2018-09-14 18:09:26][org.springframework.context.support.ClassPathXmlApplicationContext]Refreshing org.springframework.context.support.ClassPathXmlApplicationContext@1175e2db: startup date [Fri Sep 14 18:09:26 CST 2018]; root of context hierarchy
  [INFO] [2018-09-14 18:09:26][org.springframework.beans.factory.xml.XmlBeanDefinitionReader]Loading XML bean definitions from class path resource [spring-context.xml]
  [INFO] [2018-09-14 18:09:27][org.springframework.beans.factory.xml.XmlBeanDefinitionReader]Loading XML bean definitions from class path resource [spring-beans.xml]
  [INFO] [2018-09-14 18:09:27][org.springframework.beans.factory.xml.XmlBeanDefinitionReader]Loading XML bean definitions from class path resource [beans.xml]
  [INFO] [2018-09-14 18:09:28][org.springframework.context.support.ClassPathXmlApplicationContext]Closing org.springframework.context.support.ClassPathXmlApplicationContext@1175e2db: startup date [Fri Sep 14 18:09:26 CST 2018]; root of context hierarchy
  [INFO] [2018-09-19 17:20:27][org.springframework.context.support.ClassPathXmlApplicationContext]Refreshing org.springframework.context.support.ClassPathXmlApplicationContext@1dfe2924: startup date [Wed Sep 19 17:20:27 CST 2018]; root of context hierarchy
  [INFO] [2018-09-19 17:20:27][org.springframework.beans.factory.xml.XmlBeanDefinitionReader]Loading XML bean definitions from class path resource [spring-context.xml]
  [INFO] [2018-09-19 17:20:27][org.springframework.beans.factory.xml.XmlBeanDefinitionReader]Loading XML bean definitions from class path resource [spring-beans.xml]
  [INFO] [2018-09-19 17:20:27][org.springframework.beans.factory.xml.XmlBeanDefinitionReader]Loading XML bean definitions from class path resource [beans.xml]
  [INFO] [2018-09-19 17:27:09][org.springframework.context.support.ClassPathXmlApplicationContext]Closing org.springframework.context.support.ClassPathXmlApplicationContext@1dfe2924: startup date [Wed Sep 19 17:20:27 CST 2018]; root of context hierarchy
  [INFO] [2018-09-19 18:11:26][org.springframework.context.support.ClassPathXmlApplicationContext]Refreshing org.springframework.context.support.ClassPathXmlApplicationContext@1dfe2924: startup date [Wed Sep 19 18:11:26 CST 2018]; root of context hierarchy
  [INFO] [2018-09-19 18:11:26][org.springframework.beans.factory.xml.XmlBeanDefinitionReader]Loading XML bean definitions from class path resource [spring-context.xml]
  [INFO] [2018-09-19 18:11:27][org.springframework.beans.factory.xml.XmlBeanDefinitionReader]Loading XML bean definitions from class path resource [spring-beans.xml]
  [INFO] [2018-09-19 18:11:27][org.springframework.beans.factory.xml.XmlBeanDefinitionReader]Loading XML bean definitions from class path resource [beans.xml]
  [INFO] [2018-09-19 18:12:19][org.springframework.context.support.ClassPathXmlApplicationContext]Closing org.springframework.context.support.ClassPathXmlApplicationContext@1dfe2924: startup date [Wed Sep 19 18:11:26 CST 2018]; root of context hierarchy
  